<?xml version="1.0" encoding="UTF-8"?>
<!-- Generated by org.testng.reporters.JUnitXMLReporter -->
<testsuite ignored="0" hostname="Rintu" failures="0" tests="3" name="Test2" time="100.294" errors="0" timestamp="2023-09-27T01:14:58 IST">
  <testcase classname="EcommerceFramework.Tests.SubmitTest" name="submitOrderTest" time="18.606"/>
  <testcase classname="EcommerceFramework.Tests.SubmitTest" name="submitOrderTest" time="19.2"/>
  <testcase classname="EcommerceFramework.Tests.SubmitTest" name="orderVerification" time="4.565"/>
</testsuite> <!-- Test2 -->
