<?xml version="1.0" encoding="UTF-8"?>
<!-- Generated by org.testng.reporters.JUnitXMLReporter -->
<testsuite ignored="0" hostname="Rintu" failures="0" tests="3" name="Test2" time="0.842" errors="0" timestamp="2023-09-27T01:32:15 IST">
  <testcase classname="EcommerceFramework.Tests.SubmitTest" name="submitOrderTest" time="0.0">
    <skipped/>
  </testcase> <!-- submitOrderTest -->
  <testcase classname="EcommerceFramework.Tests.SubmitTest" name="submitOrderTest" time="0.0">
    <skipped/>
  </testcase> <!-- submitOrderTest -->
  <testcase classname="EcommerceFramework.Tests.SubmitTest" name="orderVerification" time="0.001">
    <skipped/>
  </testcase> <!-- orderVerification -->
</testsuite> <!-- Test2 -->
