<?xml version="1.0" encoding="UTF-8"?>
<!-- Generated by org.testng.reporters.JUnitXMLReporter -->
<testsuite ignored="0" hostname="Rintu" failures="0" tests="3" name="Test2" time="78.62" errors="0" timestamp="2023-09-27T00:57:15 IST">
  <testcase classname="EcommerceFramework.Tests.SubmitTest" name="submitOrderTest" time="22.834"/>
  <testcase classname="EcommerceFramework.Tests.SubmitTest" name="submitOrderTest" time="16.621"/>
  <testcase classname="EcommerceFramework.Tests.SubmitTest" name="orderVerification" time="1.306"/>
</testsuite> <!-- Test2 -->
