<?xml version="1.0" encoding="UTF-8"?>
<!-- Generated by org.testng.reporters.JUnitXMLReporter -->
<testsuite ignored="1" hostname="Rintu" failures="0" tests="1" name="Test" time="12.845" errors="0" timestamp="2023-09-27T01:45:15 IST">
  <testcase classname="EcommerceFramework.Tests.ErrorValidationTest" name="loginErrorValidation" time="0.892"/>
  <testcase classname="EcommerceFramework.Tests.ErrorValidationTest" name="CartProductValidation" time="0.0">
    <ignored/>
  </testcase> <!-- CartProductValidation -->
</testsuite> <!-- Test -->
