<?xml version="1.0" encoding="UTF-8"?>
<!-- Generated by org.testng.reporters.JUnitXMLReporter -->
<testsuite ignored="1" hostname="Rintu" failures="0" tests="2" name="Test2" time="50.812" errors="0" timestamp="2023-09-27T01:45:52 IST">
  <testcase classname="EcommerceFramework.Tests.SubmitTest" name="submitOrderTest" time="15.881"/>
  <testcase classname="EcommerceFramework.Tests.SubmitTest" name="submitOrderTest" time="15.351"/>
  <testcase classname="EcommerceFramework.Tests.SubmitTest" name="orderVerification" time="0.0">
    <ignored/>
  </testcase> <!-- orderVerification -->
</testsuite> <!-- Test2 -->
