<?xml version="1.0" encoding="UTF-8"?>
<testng-results ignored="0" total="1" passed="1" failed="0" skipped="0">
  <reporter-output>
  </reporter-output>
  <suite started-at="2023-09-28T01:40:34 IST" name="Surefire suite" finished-at="2023-09-28T01:41:15 IST" duration-ms="41362">
    <groups>
      <group name="cucumber">
        <method signature="AbstractTestNGCucumberTests.runScenario(io.cucumber.testng.PickleWrapper,io.cucumber.testng.FeatureWrapper)[pri:0, instance:cucumber.TestngRunner@6a400542]" name="runScenario" class="io.cucumber.testng.AbstractTestNGCucumberTests"/>
      </group> <!-- cucumber -->
    </groups>
    <test started-at="2023-09-28T01:40:34 IST" name="Surefire test" finished-at="2023-09-28T01:41:15 IST" duration-ms="41362">
      <class name="cucumber.TestngRunner">
        <test-method is-config="true" signature="setUpClass(org.testng.ITestContext)[pri:0, instance:cucumber.TestngRunner@6a400542]" started-at="2023-09-28T01:40:34 IST" name="setUpClass" finished-at="2023-09-28T01:40:35 IST" duration-ms="1029" status="PASS">
          <params>
            <param index="0">
              <value>
                <![CDATA[org.testng.TestRunner@1319bc2a]]>
              </value>
            </param>
          </params>
          <reporter-output>
          </reporter-output>
        </test-method> <!-- setUpClass -->
        <test-method signature="runScenario(io.cucumber.testng.PickleWrapper,io.cucumber.testng.FeatureWrapper)[pri:0, instance:cucumber.TestngRunner@6a400542]" started-at="2023-09-28T01:40:35 IST" name="runScenario" description="Runs Cucumber Scenarios" data-provider="scenarios" finished-at="2023-09-28T01:41:15 IST" duration-ms="40151" status="PASS">
          <params>
            <param index="0">
              <value>
                <![CDATA["Error validation by giving wrong password"]]>
              </value>
            </param>
            <param index="1">
              <value>
                <![CDATA["Error validation for login page"]]>
              </value>
            </param>
          </params>
          <reporter-output>
          </reporter-output>
        </test-method> <!-- runScenario -->
        <test-method is-config="true" signature="tearDownClass()[pri:0, instance:cucumber.TestngRunner@6a400542]" started-at="2023-09-28T01:41:15 IST" name="tearDownClass" finished-at="2023-09-28T01:41:15 IST" duration-ms="109" status="PASS">
          <reporter-output>
          </reporter-output>
        </test-method> <!-- tearDownClass -->
      </class> <!-- cucumber.TestngRunner -->
    </test> <!-- Surefire test -->
  </suite> <!-- Surefire suite -->
</testng-results>
