<?xml version="1.0" encoding="UTF-8"?>
<testng-results ignored="0" total="0" passed="0" failed="0" skipped="0">
  <reporter-output>
  </reporter-output>
  <suite started-at="2023-09-28T01:37:42 IST" name="Default suite" finished-at="2023-09-28T01:37:43 IST" duration-ms="1138">
    <groups>
      <group name="cucumber">
        <method signature="AbstractTestNGCucumberTests.runScenario(io.cucumber.testng.PickleWrapper,io.cucumber.testng.FeatureWrapper)[pri:0, instance:cucumber.TestngRunner@367ffa75]" name="runScenario" class="io.cucumber.testng.AbstractTestNGCucumberTests"/>
      </group> <!-- cucumber -->
    </groups>
    <test started-at="2023-09-28T01:37:42 IST" name="Default test" finished-at="2023-09-28T01:37:43 IST" duration-ms="1138">
      <class name="cucumber.TestngRunner">
        <test-method is-config="true" signature="setUpClass(org.testng.ITestContext)[pri:0, instance:cucumber.TestngRunner@367ffa75]" started-at="2023-09-28T01:37:42 IST" name="setUpClass" finished-at="2023-09-28T01:37:43 IST" duration-ms="999" status="PASS">
          <params>
            <param index="0">
              <value>
                <![CDATA[org.testng.TestRunner@2c7d121c]]>
              </value>
            </param>
          </params>
          <reporter-output>
          </reporter-output>
        </test-method> <!-- setUpClass -->
        <test-method is-config="true" signature="tearDownClass()[pri:0, instance:cucumber.TestngRunner@367ffa75]" started-at="2023-09-28T01:37:43 IST" name="tearDownClass" finished-at="2023-09-28T01:37:43 IST" duration-ms="74" status="PASS">
          <reporter-output>
          </reporter-output>
        </test-method> <!-- tearDownClass -->
      </class> <!-- cucumber.TestngRunner -->
    </test> <!-- Default test -->
  </suite> <!-- Default suite -->
</testng-results>
